FIXED VERSION RESULT SUMMARY 


---------------------------------------------------------------------
Exts skipped    :   47
Exts tested     :   26
---------------------------------------------------------------------

Number of tests : 15743             10480
Tests skipped   : 5263 ( 33.4%) --------
Tests warned    :    0 (  0.0%) (  0.0%)
Tests failed    :    9 (  0.1%) (  0.1%)
Expected fail   :   35 (  0.2%) (  0.3%)
Tests passed    : 10436 ( 66.3%) ( 99.6%)
---------------------------------------------------------------------
Time taken      :   27 seconds
=====================================================================

=====================================================================
EXPECTED FAILED TEST SUMMARY
---------------------------------------------------------------------
Inconsistencies when accessing protected members [Zend/tests/access_modifiers_008.phpt]  XFAIL REASON: Discussion: http://marc.info/?l=php-internals&m=120221184420957&w=2
Inconsistencies when accessing protected members - 2 [Zend/tests/access_modifiers_009.phpt]  XFAIL REASON: Discussion: http://marc.info/?l=php-internals&m=120221184420957&w=2
Bug #48770 (call_user_func_array() fails to call parent from inheriting class) [Zend/tests/bug48770.phpt]  XFAIL REASON: See Bug #48770
Bug #48770 (call_user_func_array() fails to call parent from inheriting class) [Zend/tests/bug48770_2.phpt]  XFAIL REASON: See Bug #48770
Bug #48770 (call_user_func_array() fails to call parent from inheriting class) [Zend/tests/bug48770_3.phpt]  XFAIL REASON: See Bug #48770
Test open_basedir configuration [tests/security/open_basedir_linkinfo.phpt]  XFAIL REASON: BUG: open_basedir cannot delete symlink to prohibited file. See also
bugs 48111 and 52176.
Initial value of static var in method depends on the include time of the class definition [Zend/tests/method_static_var.phpt]  XFAIL REASON: Maybe not a bug
DateTime::add() -- fall type2 type3 [ext/date/tests/DateTime_add-fall-type2-type3.phpt]  XFAIL REASON: Various bugs exist
DateTime::diff() -- fall type2 type3 [ext/date/tests/DateTime_diff-fall-type2-type3.phpt]  XFAIL REASON: Various bugs exist
DateTime::diff() -- fall type3 type2 [ext/date/tests/DateTime_diff-fall-type3-type2.phpt]  XFAIL REASON: Various bugs exist
DateTime::sub() -- fall type2 type3 [ext/date/tests/DateTime_sub-fall-type2-type3.phpt]  XFAIL REASON: Various bugs exist
DateTime::add() -- fall type3 type2 [ext/date/tests/DateTime_add-fall-type3-type2.phpt]  XFAIL REASON: Various bugs exist
DateTime::add() -- fall type3 type3 [ext/date/tests/DateTime_add-fall-type3-type3.phpt]  XFAIL REASON: Various bugs exist
DateTime::sub() -- fall type3 type2 [ext/date/tests/DateTime_sub-fall-type3-type2.phpt]  XFAIL REASON: Various bugs exist
DateTime::sub() -- fall type3 type3 [ext/date/tests/DateTime_sub-fall-type3-type3.phpt]  XFAIL REASON: Various bugs exist
DateTime::diff() -- fall type3 type3 [ext/date/tests/DateTime_diff-fall-type3-type3.phpt]  XFAIL REASON: Various bugs exist
DateTime::diff() -- spring type2 type3 [ext/date/tests/DateTime_diff-spring-type2-type3.phpt]  XFAIL REASON: Various bugs exist
DateTime::diff() -- spring type3 type2 [ext/date/tests/DateTime_diff-spring-type3-type2.phpt]  XFAIL REASON: Various bugs exist
DateTime::sub() -- spring type2 type3 [ext/date/tests/DateTime_sub-spring-type2-type3.phpt]  XFAIL REASON: Various bugs exist
Bug #52480 (Incorrect difference using DateInterval) [ext/date/tests/bug52480.phpt]  XFAIL REASON: See https://bugs.php.net/bug.php?id=52480
DateTime::add() -- spring type2 type3 [ext/date/tests/DateTime_add-spring-type2-type3.phpt]  XFAIL REASON: Various bugs exist
DateTime::add() -- spring type3 type2 [ext/date/tests/DateTime_add-spring-type3-type2.phpt]  XFAIL REASON: Various bugs exist
DateTime::add() -- spring type3 type3 [ext/date/tests/DateTime_add-spring-type3-type3.phpt]  XFAIL REASON: Various bugs exist
DateTime::diff() -- spring type3 type3 [ext/date/tests/DateTime_diff-spring-type3-type3.phpt]  XFAIL REASON: Various bugs exist
DateTime::sub() -- spring type3 type2 [ext/date/tests/DateTime_sub-spring-type3-type2.phpt]  XFAIL REASON: Various bugs exist
DateTime::sub() -- spring type3 type3 [ext/date/tests/DateTime_sub-spring-type3-type3.phpt]  XFAIL REASON: Various bugs exist
RFC: DateTime and Daylight Saving Time Transitions (zone type 3, bd2) [ext/date/tests/rfc-datetime_and_daylight_saving_time-type3-bd2.phpt]  XFAIL REASON: Still not quite right
RFC: DateTime and Daylight Saving Time Transitions (zone type 3, fs) [ext/date/tests/rfc-datetime_and_daylight_saving_time-type3-fs.phpt]  XFAIL REASON: Still not quite right
Bug #42718 (unsafe_raw filter not applied when configured as default filter) [ext/filter/tests/bug42718.phpt]  XFAIL REASON: FILTER_UNSAFE_RAW not applied when configured as default filter, even with flags
Bug #67296 (filter_input doesn't validate variables) [ext/filter/tests/bug49184.phpt]  XFAIL REASON: See Bug #49184
Bug #67167: filter_var(null,FILTER_VALIDATE_BOOLEAN,FILTER_NULL_ON_FAILURE) returns null [ext/filter/tests/bug67167.02.phpt]  XFAIL REASON: Requires php_zval_filter to not use convert_to_string for all filters.
Phar: bug #69958: Segfault in Phar::convertToData on invalid file [ext/phar/tests/bug69958.phpt]  XFAIL REASON: Still has memory leaks, see https://bugs.php.net/bug.php?id=70005
via [ext/pdo_sqlite/tests/common.phpt]
	SQLite PDO Common: PDOStatement::getColumnMeta [ext/pdo_sqlite/tests/pdo_022.phpt]  XFAIL REASON: This feature is not yet finalized, no test makes sense
updateTimestamp never called when session data is empty [ext/session/tests/bug71162.phpt]  XFAIL REASON: Current session module is designed to write empty session always. In addition, current session module only supports SessionHandlerInterface only from PHP 7.0.
Bug #73529 session_decode() silently fails on wrong input [ext/session/tests/bug73529.phpt]  XFAIL REASON: session_decode() does not return proper status.
=====================================================================

=====================================================================
FAILED TEST SUMMARY
---------------------------------------------------------------------
Test stream_isatty with redirected STDERR [tests/output/stream_isatty_err.phpt]
Test stream_isatty with redirected STDIN/STDERR [tests/output/stream_isatty_in-err.phpt]
Test DOMDocument::loadXML() detects not-well formed XML [ext/dom/tests/DOMDocument_loadXML_error1.phpt]
Bug #43364 (recursive xincludes don't remove internal xml nodes properly) [ext/dom/tests/bug43364.phpt]
Bug #80268 (loadHTML() truncates at NUL bytes) [ext/dom/tests/bug80268.phpt]
Test DOMDocument::load() detects not-well formed XML [ext/dom/tests/DOMDocument_load_error1.phpt]
Bug #61367: open_basedir bypass in libxml RSHUTDOWN: read test [ext/libxml/tests/bug61367-read.phpt]
libxml_disable_entity_loader() [ext/libxml/tests/libxml_disable_entity_loader.phpt]
Bug #80067 (Omitting the port in bindto setting errors) [ext/standard/tests/network/bug80067.phpt]
=====================================================================

You may have found a problem in PHP.
This report can be automatically sent to the PHP QA team at
http://qa.php.net/reports and http://news.php.net/php.qa.reports
This gives us a better understanding of PHP's behavior.
If you don't want to send the report immediately you can choose
option "s" to save it.	You can then email it to qa-reports@lists.php.net later.
Do you want to send this report now? [Yns]: 