BUGGY VERSION RESULT SUMMARY 


---------------------------------------------------------------------
Exts skipped    :   47
Exts tested     :   26
---------------------------------------------------------------------

Number of tests : 17359             11918
Tests skipped   : 5441 ( 31.3%) --------
Tests warned    :    1 (  0.0%) (  0.0%)
Tests failed    :    0 (  0.0%) (  0.0%)
Expected fail   :   28 (  0.2%) (  0.2%)
Tests passed    : 11889 ( 68.5%) ( 99.8%)
---------------------------------------------------------------------
Time taken      :   29 seconds
=====================================================================

=====================================================================
EXPECTED FAILED TEST SUMMARY
---------------------------------------------------------------------
Inconsistencies when accessing protected members [Zend/tests/access_modifiers_008.phpt]  XFAIL REASON: Discussion: http://marc.info/?l=php-internals&m=120221184420957&w=2
Inconsistencies when accessing protected members - 2 [Zend/tests/access_modifiers_009.phpt]  XFAIL REASON: Discussion: http://marc.info/?l=php-internals&m=120221184420957&w=2
Test open_basedir configuration [tests/security/open_basedir_linkinfo.phpt]  XFAIL REASON: BUG: open_basedir cannot delete symlink to prohibited file. See also
bugs 48111 and 52176.
DateTime::add() -- fall type2 type3 [ext/date/tests/DateTime_add-fall-type2-type3.phpt]  XFAIL REASON: Various bugs exist
DateTime::add() -- fall type3 type2 [ext/date/tests/DateTime_add-fall-type3-type2.phpt]  XFAIL REASON: Various bugs exist
DateTime::add() -- fall type3 type3 [ext/date/tests/DateTime_add-fall-type3-type3.phpt]  XFAIL REASON: Various bugs exist
DateTime::diff() -- fall type2 type3 [ext/date/tests/DateTime_diff-fall-type2-type3.phpt]  XFAIL REASON: Various bugs exist
DateTime::diff() -- fall type3 type2 [ext/date/tests/DateTime_diff-fall-type3-type2.phpt]  XFAIL REASON: Various bugs exist
DateTime::sub() -- spring type2 type3 [ext/date/tests/DateTime_sub-spring-type2-type3.phpt]  XFAIL REASON: Various bugs exist
DateTime::sub() -- spring type3 type2 [ext/date/tests/DateTime_sub-spring-type3-type2.phpt]  XFAIL REASON: Various bugs exist
DateTime::add() -- spring type2 type3 [ext/date/tests/DateTime_add-spring-type2-type3.phpt]  XFAIL REASON: Various bugs exist
DateTime::diff() -- fall type3 type3 [ext/date/tests/DateTime_diff-fall-type3-type3.phpt]  XFAIL REASON: Various bugs exist
DateTime::add() -- spring type3 type2 [ext/date/tests/DateTime_add-spring-type3-type2.phpt]  XFAIL REASON: Various bugs exist
DateTime::sub() -- spring type3 type3 [ext/date/tests/DateTime_sub-spring-type3-type3.phpt]  XFAIL REASON: Various bugs exist
DateTime::diff() -- spring type2 type3 [ext/date/tests/DateTime_diff-spring-type2-type3.phpt]  XFAIL REASON: Various bugs exist
DateTime::diff() -- spring type3 type2 [ext/date/tests/DateTime_diff-spring-type3-type2.phpt]  XFAIL REASON: Various bugs exist
DateTime::add() -- spring type3 type3 [ext/date/tests/DateTime_add-spring-type3-type3.phpt]  XFAIL REASON: Various bugs exist
DateTime::diff() -- spring type3 type3 [ext/date/tests/DateTime_diff-spring-type3-type3.phpt]  XFAIL REASON: Various bugs exist
DateTime::sub() -- fall type2 type3 [ext/date/tests/DateTime_sub-fall-type2-type3.phpt]  XFAIL REASON: Various bugs exist
DateTime::sub() -- fall type3 type2 [ext/date/tests/DateTime_sub-fall-type3-type2.phpt]  XFAIL REASON: Various bugs exist
DateTime::sub() -- fall type3 type3 [ext/date/tests/DateTime_sub-fall-type3-type3.phpt]  XFAIL REASON: Various bugs exist
Bug #67167: filter_var(null,FILTER_VALIDATE_BOOLEAN,FILTER_NULL_ON_FAILURE) returns null [ext/filter/tests/bug67167.02.phpt]  XFAIL REASON: Requires php_zval_filter to not use convert_to_string for all filters.
Bug #42718 (unsafe_raw filter not applied when configured as default filter) [ext/filter/tests/bug42718.phpt]  XFAIL REASON: FILTER_UNSAFE_RAW not applied when configured as default filter, even with flags
Bug #67296 (filter_input doesn't validate variables) [ext/filter/tests/bug49184.phpt]  XFAIL REASON: See Bug #49184
Return type check elision [ext/opcache/tests/opt/verify_return_type.phpt]  XFAIL REASON: Return types cannot be inferred through prototypes
Phar: bug #69958: Segfault in Phar::convertToData on invalid file [ext/phar/tests/bug69958.phpt]  XFAIL REASON: Still has memory leaks, see https://bugs.php.net/bug.php?id=70005
via [ext/pdo_sqlite/tests/common.phpt]
	SQLite PDO Common: PDOStatement::getColumnMeta [ext/pdo_sqlite/tests/pdo_022.phpt]  XFAIL REASON: This feature is not yet finalized, no test makes sense
updateTimestamp never called when session data is empty [ext/session/tests/bug71162.phpt]  XFAIL REASON: Current session module is designed to write empty session always. In addition, current session module only supports SessionHandlerInterface only from PHP 7.0.
=====================================================================

=====================================================================
WARNED TEST SUMMARY
---------------------------------------------------------------------
Test hrtime() aligns with microtime() [ext/standard/tests/hrtime/hrtime.phpt] (warn: XFAIL section but test passes)
=====================================================================

You may have found a problem in PHP.
This report can be automatically sent to the PHP QA team at
http://qa.php.net/reports and http://news.php.net/php.qa.reports
This gives us a better understanding of PHP's behavior.
If you don't want to send the report immediately you can choose
option "s" to save it.	You can then email it to qa-reports@lists.php.net later.
Do you want to send this report now? [Yns]: 
Notice: fgets(): Read of 8192 bytes failed with errno=9 Bad file descriptor in /home/heye/php/php-src/run-tests.php on line 951

Please enter your email address.
(Your address will be mangled so that it will not go out on any
mailinglist in plain text): 
Notice: fgets(): Read of 8192 bytes failed with errno=9 Bad file descriptor in /home/heye/php/php-src/run-tests.php on line 973

Posting to http://qa.php.net/buildtest-process.php
