FIXED VERSION RESULT SUMMARY 


---------------------------------------------------------------------
Exts skipped    :    47 (odbc, pdo_mysql, skeleton, ffi, pdo_dblib, pcntl, mysqlnd, intl, ldap, oci8, soap, snmp, ftp, tidy, imap, gmp, pdo_odbc, sysvmsg, dl_test, pspell, mbstring, zlib, bcmath, pdo_firebird, pdo_oci, sodium, com_dotnet, gd, readline, curl, dba, sockets, sysvsem, enchant, openssl, zip, zend_test, gettext, sysvshm, bz2, pgsql, xsl, exif, calendar, shmop, pdo_pgsql, mysqli)
Exts tested     :    26
---------------------------------------------------------------------

Number of tests : 17932             12379
Tests skipped   :  5553 ( 31.0%) --------
Tests warned    :     1 (  0.0%) (  0.0%)
Tests failed    :     2 (  0.0%) (  0.0%)
Expected fail   :    26 (  0.1%) (  0.2%)
Tests passed    : 12350 ( 68.9%) ( 99.8%)
---------------------------------------------------------------------
Time taken      :    30 seconds
=====================================================================

=====================================================================
EXPECTED FAILED TEST SUMMARY
---------------------------------------------------------------------
Test open_basedir configuration [tests/security/open_basedir_linkinfo.phpt]  XFAIL REASON: BUG: open_basedir cannot delete symlink to prohibited file. See also
bugs 48111 and 52176.
DateTime::diff() -- fall type3 type2 [ext/date/tests/DateTime_diff-fall-type3-type2.phpt]  XFAIL REASON: Various bugs exist
DateTime::add() -- spring type2 type3 [ext/date/tests/DateTime_add-spring-type2-type3.phpt]  XFAIL REASON: Various bugs exist
DateTime::add() -- spring type3 type2 [ext/date/tests/DateTime_add-spring-type3-type2.phpt]  XFAIL REASON: Various bugs exist
DateTime::add() -- spring type3 type3 [ext/date/tests/DateTime_add-spring-type3-type3.phpt]  XFAIL REASON: Various bugs exist
DateTime::diff() -- fall type3 type3 [ext/date/tests/DateTime_diff-fall-type3-type3.phpt]  XFAIL REASON: Various bugs exist
DateTime::sub() -- spring type2 type3 [ext/date/tests/DateTime_sub-spring-type2-type3.phpt]  XFAIL REASON: Various bugs exist
DateTime::diff() -- spring type2 type3 [ext/date/tests/DateTime_diff-spring-type2-type3.phpt]  XFAIL REASON: Various bugs exist
DateTime::diff() -- spring type3 type2 [ext/date/tests/DateTime_diff-spring-type3-type2.phpt]  XFAIL REASON: Various bugs exist
DateTime::sub() -- spring type3 type2 [ext/date/tests/DateTime_sub-spring-type3-type2.phpt]  XFAIL REASON: Various bugs exist
DateTime::sub() -- spring type3 type3 [ext/date/tests/DateTime_sub-spring-type3-type3.phpt]  XFAIL REASON: Various bugs exist
DateTime::diff() -- spring type3 type3 [ext/date/tests/DateTime_diff-spring-type3-type3.phpt]  XFAIL REASON: Various bugs exist
DateTime::add() -- fall type2 type3 [ext/date/tests/DateTime_add-fall-type2-type3.phpt]  XFAIL REASON: Various bugs exist
DateTime::add() -- fall type3 type2 [ext/date/tests/DateTime_add-fall-type3-type2.phpt]  XFAIL REASON: Various bugs exist
DateTime::add() -- fall type3 type3 [ext/date/tests/DateTime_add-fall-type3-type3.phpt]  XFAIL REASON: Various bugs exist
DateTime::sub() -- fall type2 type3 [ext/date/tests/DateTime_sub-fall-type2-type3.phpt]  XFAIL REASON: Various bugs exist
DateTime::sub() -- fall type3 type2 [ext/date/tests/DateTime_sub-fall-type3-type2.phpt]  XFAIL REASON: Various bugs exist
DateTime::sub() -- fall type3 type3 [ext/date/tests/DateTime_sub-fall-type3-type3.phpt]  XFAIL REASON: Various bugs exist
DateTime::diff() -- fall type2 type3 [ext/date/tests/DateTime_diff-fall-type2-type3.phpt]  XFAIL REASON: Various bugs exist
Bug #42718 (unsafe_raw filter not applied when configured as default filter) [ext/filter/tests/bug42718.phpt]  XFAIL REASON: FILTER_UNSAFE_RAW not applied when configured as default filter, even with flags
Bug #67296 (filter_input doesn't validate variables) [ext/filter/tests/bug49184.phpt]  XFAIL REASON: See Bug #49184
Bug #67167: filter_var(null,FILTER_VALIDATE_BOOLEAN,FILTER_NULL_ON_FAILURE) returns null [ext/filter/tests/bug67167.02.phpt]  XFAIL REASON: Requires php_zval_filter to not use convert_to_string for all filters.
Return type check elision [ext/opcache/tests/opt/verify_return_type.phpt]  XFAIL REASON: Return types cannot be inferred through prototypes
Phar: bug #69958: Segfault in Phar::convertToData on invalid file [ext/phar/tests/bug69958.phpt]  XFAIL REASON: Still has memory leaks, see https://bugs.php.net/bug.php?id=70005
updateTimestamp never called when session data is empty [ext/session/tests/user_session_module/bug71162.phpt]  XFAIL REASON: Current session module is designed to write empty session always. In addition, current session module only supports SessionHandlerInterface only from PHP 7.0.
via [ext/pdo_sqlite/tests/common.phpt]
	SQLite PDO Common: PDOStatement::getColumnMeta [ext/pdo_sqlite/tests/pdo_022.phpt]  XFAIL REASON: This feature is not yet finalized, no test makes sense
=====================================================================

=====================================================================
FAILED TEST SUMMARY
---------------------------------------------------------------------
Test stream_isatty with redirected STDERR [tests/output/stream_isatty_err.phpt]
Test stream_isatty with redirected STDIN/STDERR [tests/output/stream_isatty_in-err.phpt]
=====================================================================

=====================================================================
WARNED TEST SUMMARY
---------------------------------------------------------------------
Test hrtime() aligns with microtime() [ext/standard/tests/hrtime/hrtime.phpt] (warn: XFAIL section but test passes)
=====================================================================

You may have found a problem in PHP.
This report can be saved and used to open an issue on the bug tracker at
https://github.com/php/php-src/issues
This gives us a better understanding of PHP's behavior.
Do you want to save this report in a file? [Yn]: 